<?xml version="1.0" encoding="UTF-8"?>
<!-- Generated by org.testng.reporters.JUnitReportReporter -->
<testsuite hostname="MS-PC" name="com.first" tests="1" failures="0" timestamp="14 Sep 2016 19:41:30 GMT" time="8.215" errors="0">
  <testcase name="main" time="8.215" classname="com.first"/>
</testsuite> <!-- com.first -->
