<?xml version="1.0" encoding="UTF-8"?>
<!-- Generated by org.testng.reporters.JUnitReportReporter -->
<testsuite hostname="MS-PC" name="com.first" tests="1" failures="0" timestamp="15 Sep 2016 11:37:19 GMT" time="8.737" errors="0">
  <testcase name="main" time="8.737" classname="com.first"/>
</testsuite> <!-- com.first -->
