<?xml version="1.0" encoding="UTF-8"?>
<!-- Generated by org.testng.reporters.JUnitReportReporter -->
<testsuite hostname="MS-PC" name="com.second" tests="1" failures="0" timestamp="15 Sep 2016 13:22:58 GMT" time="6.247" errors="0">
  <testcase name="Test" time="6.247" classname="com.second"/>
</testsuite> <!-- com.second -->
